<?xml version="1.0" encoding="UTF-8"?>
<!-- Generated by org.testng.reporters.JUnitReportReporter -->
<testsuite hostname="DESKTOP-J2HP7L7" failures="0" tests="1" name="testNG.AssignSortable" time="12.701" errors="0" timestamp="2024-04-05T19:00:59 IST" skipped="0">
  <testcase classname="testNG.AssignSortable" name="sortableFrame" time="12.701"/>
  <system-out/>
</testsuite> <!-- testNG.AssignSortable -->
