<?xml version="1.0" encoding="UTF-8"?>
<!-- Generated by org.testng.reporters.JUnitReportReporter -->
<testsuite hostname="DESKTOP-J2HP7L7" failures="0" tests="2" name="testNG.SauceDemo" time="7.598" errors="0" timestamp="2024-04-07T18:33:19 IST" skipped="0">
  <testcase classname="testNG.SauceDemo" name="OpenBrowser1" time="5.590"/>
  <system-out/>
  <testcase classname="testNG.SauceDemo" name="Orderplaced2" time="2.008"/>
  <system-out/>
</testsuite> <!-- testNG.SauceDemo -->
