<?xml version="1.0" encoding="UTF-8"?>
<!-- Generated by org.testng.reporters.JUnitReportReporter -->
<testsuite hostname="DESKTOP-J2HP7L7" failures="0" tests="1" name="testNG.ActiveElementHandling" time="11.986" errors="0" timestamp="2024-04-05T18:12:21 IST" skipped="0">
  <testcase classname="testNG.ActiveElementHandling" name="loginIntoActitime" time="11.986"/>
  <system-out/>
</testsuite> <!-- testNG.ActiveElementHandling -->
