<?xml version="1.0" encoding="UTF-8"?>
<!-- Generated by org.testng.reporters.JUnitReportReporter -->
<testsuite hostname="DESKTOP-J2HP7L7" failures="0" tests="1" name="testNG.PromptAlertHandling" time="50.060" errors="0" timestamp="2024-04-05T18:04:36 IST" skipped="0">
  <testcase classname="testNG.PromptAlertHandling" name="loginIntoActitime" time="50.060"/>
  <system-out/>
</testsuite> <!-- testNG.PromptAlertHandling -->
