<?xml version="1.0" encoding="UTF-8"?>
<!-- Generated by org.testng.reporters.JUnitReportReporter -->
<testsuite hostname="DESKTOP-J2HP7L7" failures="0" tests="6" name="testNG.Example2" time="56.147" errors="0" timestamp="2024-04-02T20:06:17 IST" skipped="1">
  <testcase classname="testNG.Example2" name="openSwagLabs" time="9.326"/>
  <system-out/>
  <testcase classname="testNG.Example2" name="openOrangeHRM" time="13.042"/>
  <system-out/>
  <testcase classname="testNG.Example2" name="openOrangeHRM" time="20.055"/>
  <system-out/>
  <testcase classname="testNG.Example2" name="testCase" time="0.004"/>
  <system-out/>
  <testcase classname="testNG.Example2" name="openActitime" time="13.720"/>
  <system-out/>
  <testcase classname="testNG.Example2" name="openGoogle">
    <skipped/>
  </testcase> <!-- openGoogle -->
  <system-out/>
</testsuite> <!-- testNG.Example2 -->
