<?xml version="1.0" encoding="UTF-8"?>
<!-- Generated by org.testng.reporters.JUnitReportReporter -->
<testsuite hostname="DESKTOP-J2HP7L7" failures="0" tests="4" name="testScriptPOM.swagLabValidation" time="3.057" errors="0" timestamp="2024-04-16T17:01:09 IST" skipped="0">
  <testcase classname="testScriptPOM.swagLabValidation" name="testLoginLogout" time="0.961"/>
  <system-out/>
  <testcase classname="testScriptPOM.swagLabValidation" name="testcart" time="0.678"/>
  <system-out/>
  <testcase classname="testScriptPOM.swagLabValidation" name="testCheckoutOverview" time="1.292"/>
  <system-out/>
  <testcase classname="testScriptPOM.swagLabValidation" name="testShoppingOnSwagLab" time="0.126"/>
  <system-out/>
</testsuite> <!-- testScriptPOM.swagLabValidation -->
