<?xml version="1.0" encoding="UTF-8"?>
<!-- Generated by org.testng.reporters.JUnitReportReporter -->
<testsuite hostname="DESKTOP-J2HP7L7" failures="0" tests="4" name="testScriptPOM.OrangeHRM" time="16.048" errors="0" timestamp="2024-04-16T17:00:35 IST" skipped="0">
  <testcase classname="testScriptPOM.OrangeHRM" name="OrangeHRMLogin" time="2.602"/>
  <system-out/>
  <testcase classname="testScriptPOM.OrangeHRM" name="OrangeHRMPIMCreate" time="5.363"/>
  <system-out/>
  <testcase classname="testScriptPOM.OrangeHRM" name="OrangeHRMPIMUpdate" time="4.798"/>
  <system-out/>
  <testcase classname="testScriptPOM.OrangeHRM" name="OrangeHRMPIMDelete" time="3.285"/>
  <system-out/>
</testsuite> <!-- testScriptPOM.OrangeHRM -->
