<?xml version="1.0" encoding="UTF-8"?>
<!-- Generated by org.testng.reporters.JUnitReportReporter -->
<testsuite hostname="DESKTOP-J2HP7L7" failures="0" tests="1" name="excelFile.actiTimeLogin" time="19.405" errors="0" timestamp="2024-04-13T16:48:38 IST" skipped="0">
  <testcase classname="excelFile.actiTimeLogin" name="testActiLogin" time="19.405"/>
  <system-out/>
</testsuite> <!-- excelFile.actiTimeLogin -->
