<?xml version="1.0" encoding="UTF-8"?>
<!-- Generated by org.testng.reporters.JUnitReportReporter -->
<testsuite hostname="DESKTOP-J2HP7L7" failures="0" tests="2" name="testNG.Vtiger" time="23.184" errors="0" timestamp="2024-04-16T12:37:02 IST" skipped="0">
  <testcase classname="testNG.Vtiger" name="Contact" time="12.617"/>
  <system-out/>
  <testcase classname="testNG.Vtiger" name="Lead" time="10.567"/>
  <system-out/>
</testsuite> <!-- testNG.Vtiger -->
