<?xml version="1.0" encoding="UTF-8"?>
<!-- Generated by org.testng.reporters.JUnitReportReporter -->
<testsuite hostname="DESKTOP-J2HP7L7" failures="0" tests="1" name="excelFile.vtigerLogin2" time="11.755" errors="0" timestamp="2024-04-13T16:49:47 IST" skipped="0">
  <testcase classname="excelFile.vtigerLogin2" name="testvtigerLogin" time="11.755"/>
  <system-out/>
</testsuite> <!-- excelFile.vtigerLogin2 -->
