<?xml version="1.0" encoding="UTF-8"?>
<!-- Generated by org.testng.reporters.JUnitReportReporter -->
<testsuite hostname="DESKTOP-J2HP7L7" failures="0" tests="3" name="testNG.Example3" time="0.039" errors="0" timestamp="2024-04-02T20:07:27 IST" skipped="0">
  <testcase classname="testNG.Example3" name="deletePIM" time="0.006"/>
  <system-out/>
  <testcase classname="testNG.Example3" name="updatePIM" time="0.013"/>
  <system-out/>
  <testcase classname="testNG.Example3" name="createPIM" time="0.020"/>
  <system-out/>
</testsuite> <!-- testNG.Example3 -->
