<?xml version="1.0" encoding="UTF-8"?>
<!-- Generated by org.testng.reporters.JUnitReportReporter -->
<testsuite hostname="DESKTOP-J2HP7L7" failures="0" tests="2" name="testNG.Example1" time="0.029" errors="0" timestamp="2024-04-02T20:03:52 IST" skipped="0">
  <testcase classname="testNG.Example1" name="testCase1" time="0.005"/>
  <system-out/>
  <testcase classname="testNG.Example1" name="testCase0" time="0.024"/>
  <system-out/>
</testsuite> <!-- testNG.Example1 -->
