<?xml version="1.0" encoding="UTF-8"?>
<!-- Generated by org.testng.reporters.JUnitReportReporter -->
<testsuite hostname="DESKTOP-J2HP7L7" failures="0" tests="1" name="excelFile.OrangeHRMLogin2" time="11.778" errors="0" timestamp="2024-04-13T17:00:59 IST" skipped="0">
  <testcase classname="excelFile.OrangeHRMLogin2" name="testOrangeLogin" time="11.778"/>
  <system-out/>
</testsuite> <!-- excelFile.OrangeHRMLogin2 -->
