<?xml version="1.0" encoding="UTF-8"?>
<!-- Generated by org.testng.reporters.JUnitReportReporter -->
<testsuite hostname="DESKTOP-J2HP7L7" failures="0" tests="1" name="excelFile.vtigerLogin" time="14.747" errors="0" timestamp="2024-04-13T16:49:11 IST" skipped="0">
  <testcase classname="excelFile.vtigerLogin" name="testvtigerLogin" time="14.747"/>
  <system-out/>
</testsuite> <!-- excelFile.vtigerLogin -->
