<?xml version="1.0" encoding="UTF-8"?>
<!-- Generated by org.testng.reporters.JUnitReportReporter -->
<testsuite hostname="DESKTOP-J2HP7L7" failures="0" tests="7" name="testScriptPOM.vTigerScript" time="31.854" errors="0" timestamp="2024-04-16T16:43:27 IST" skipped="0">
  <testcase classname="testScriptPOM.vTigerScript" name="VtigerL" time="5.363"/>
  <system-out/>
  <testcase classname="testScriptPOM.vTigerScript" name="VtigerCreateContact" time="5.976"/>
  <system-out/>
  <testcase classname="testScriptPOM.vTigerScript" name="VtigerUpdateContact" time="4.243"/>
  <system-out/>
  <testcase classname="testScriptPOM.vTigerScript" name="VtigerDeleteContact" time="3.690"/>
  <system-out/>
  <testcase classname="testScriptPOM.vTigerScript" name="VtigerLeadPIMCreate" time="5.332"/>
  <system-out/>
  <testcase classname="testScriptPOM.vTigerScript" name="VtigerLeadPIMUpdate" time="3.705"/>
  <system-out/>
  <testcase classname="testScriptPOM.vTigerScript" name="VtigerLeadPIMdelete" time="3.545"/>
  <system-out/>
</testsuite> <!-- testScriptPOM.vTigerScript -->
